<?xml version="1.0" encoding="UTF-8"?>
<coverage generated="1743723395582" clover="3.2.0">
  <project timestamp="1743723395582" name="All files">
    <metrics statements="35" coveredstatements="28" conditionals="14" coveredconditionals="7" methods="5" coveredmethods="5" elements="54" coveredelements="40" complexity="0" loc="35" ncloc="35" packages="2" files="4" classes="4"/>
    <package name="configs.mongo">
      <metrics statements="24" coveredstatements="24" conditionals="6" coveredconditionals="4" methods="4" coveredmethods="4"/>
      <file name="mongoCollections.js" path="C:\Users\brand\Documents\STEVENS SCHOOL STUFF\Semester8\SSW590\borgir\server\configs\mongo\mongoCollections.js">
        <metrics statements="10" coveredstatements="10" conditionals="2" coveredconditionals="2" methods="2" coveredmethods="2"/>
        <line num="3" count="1" type="stmt"/>
        <line num="4" count="3" type="stmt"/>
        <line num="6" count="3" type="stmt"/>
        <line num="7" count="2" type="cond" truecount="2" falsecount="0"/>
        <line num="8" count="1" type="stmt"/>
        <line num="9" count="1" type="stmt"/>
        <line num="12" count="2" type="stmt"/>
        <line num="16" count="1" type="stmt"/>
        <line num="17" count="1" type="stmt"/>
        <line num="18" count="1" type="stmt"/>
      </file>
      <file name="mongoConnections.js" path="C:\Users\brand\Documents\STEVENS SCHOOL STUFF\Semester8\SSW590\borgir\server\configs\mongo\mongoConnections.js">
        <metrics statements="11" coveredstatements="11" conditionals="2" coveredconditionals="1" methods="2" coveredmethods="2"/>
        <line num="4" count="2" type="stmt"/>
        <line num="5" count="2" type="stmt"/>
        <line num="7" count="2" type="stmt"/>
        <line num="8" count="2" type="cond" truecount="1" falsecount="1"/>
        <line num="9" count="2" type="stmt"/>
        <line num="10" count="2" type="stmt"/>
        <line num="11" count="2" type="stmt"/>
        <line num="12" count="2" type="stmt"/>
        <line num="15" count="2" type="stmt"/>
        <line num="18" count="2" type="stmt"/>
        <line num="19" count="1" type="stmt"/>
      </file>
      <file name="settings.js" path="C:\Users\brand\Documents\STEVENS SCHOOL STUFF\Semester8\SSW590\borgir\server\configs\mongo\settings.js">
        <metrics statements="3" coveredstatements="3" conditionals="2" coveredconditionals="1" methods="0" coveredmethods="0"/>
        <line num="2" count="2" type="stmt"/>
        <line num="4" count="2" type="cond" truecount="1" falsecount="1"/>
        <line num="6" count="2" type="stmt"/>
      </file>
    </package>
    <package name="data">
      <metrics statements="11" coveredstatements="4" conditionals="8" coveredconditionals="3" methods="1" coveredmethods="1"/>
      <file name="burger.js" path="C:\Users\brand\Documents\STEVENS SCHOOL STUFF\Semester8\SSW590\borgir\server\data\burger.js">
        <metrics statements="11" coveredstatements="4" conditionals="8" coveredconditionals="3" methods="1" coveredmethods="1"/>
        <line num="5" count="1" type="stmt"/>
        <line num="13" count="1" type="cond" truecount="3" falsecount="1"/>
        <line num="14" count="0" type="stmt"/>
        <line num="16" count="1" type="stmt"/>
        <line num="19" count="1" type="stmt"/>
        <line num="24" count="0" type="cond" truecount="0" falsecount="2"/>
        <line num="25" count="0" type="stmt"/>
        <line num="29" count="0" type="stmt"/>
        <line num="35" count="0" type="stmt"/>
        <line num="36" count="0" type="cond" truecount="0" falsecount="2"/>
        <line num="38" count="0" type="stmt"/>
      </file>
    </package>
  </project>
</coverage>
