{"C:\\Users\\brand\\Documents\\STEVENS SCHOOL STUFF\\Semester8\\SSW590\\borgir\\server\\configs\\mongo\\mongoCollections.js": {"path":"C:\\Users\\brand\\Documents\\STEVENS SCHOOL STUFF\\Semester8\\SSW590\\borgir\\server\\configs\\mongo\\mongoCollections.js","statementMap":{"0":{"start":{"line":3,"column":24},"end":{"line":14,"column":1}},"1":{"start":{"line":4,"column":13},"end":{"line":4,"column":22}},"2":{"start":{"line":6,"column":2},"end":{"line":13,"column":4}},"3":{"start":{"line":7,"column":4},"end":{"line":10,"column":5}},"4":{"start":{"line":8,"column":17},"end":{"line":8,"column":37}},"5":{"start":{"line":9,"column":6},"end":{"line":9,"column":45}},"6":{"start":{"line":12,"column":4},"end":{"line":12,"column":16}},"7":{"start":{"line":16,"column":23},"end":{"line":16,"column":49}},"8":{"start":{"line":17,"column":21},"end":{"line":17,"column":45}},"9":{"start":{"line":18,"column":23},"end":{"line":18,"column":49}}},"fnMap":{"0":{"name":"(anonymous_0)","decl":{"start":{"line":3,"column":24},"end":{"line":3,"column":25}},"loc":{"start":{"line":3,"column":40},"end":{"line":14,"column":1}},"line":3},"1":{"name":"(anonymous_1)","decl":{"start":{"line":6,"column":9},"end":{"line":6,"column":10}},"loc":{"start":{"line":6,"column":21},"end":{"line":13,"column":3}},"line":6}},"branchMap":{"0":{"loc":{"start":{"line":7,"column":4},"end":{"line":10,"column":5}},"type":"if","locations":[{"start":{"line":7,"column":4},"end":{"line":10,"column":5}},{"start":{},"end":{}}],"line":7}},"s":{"0":1,"1":3,"2":3,"3":2,"4":1,"5":1,"6":2,"7":1,"8":1,"9":1},"f":{"0":3,"1":2},"b":{"0":[1,1]},"_coverageSchema":"1a1c01bbd47fc00a2c39e90264f33305004495a9","hash":"52d232e34621d27237f25f882a0c7b531b5c7f8a"}
,"C:\\Users\\brand\\Documents\\STEVENS SCHOOL STUFF\\Semester8\\SSW590\\borgir\\server\\configs\\mongo\\mongoConnections.js": {"path":"C:\\Users\\brand\\Documents\\STEVENS SCHOOL STUFF\\Semester8\\SSW590\\borgir\\server\\configs\\mongo\\mongoConnections.js","statementMap":{"0":{"start":{"line":4,"column":18},"end":{"line":4,"column":27}},"1":{"start":{"line":5,"column":10},"end":{"line":5,"column":19}},"2":{"start":{"line":7,"column":28},"end":{"line":16,"column":1}},"3":{"start":{"line":8,"column":2},"end":{"line":13,"column":3}},"4":{"start":{"line":9,"column":4},"end":{"line":9,"column":39}},"5":{"start":{"line":10,"column":4},"end":{"line":10,"column":67}},"6":{"start":{"line":11,"column":4},"end":{"line":11,"column":41}},"7":{"start":{"line":12,"column":4},"end":{"line":12,"column":47}},"8":{"start":{"line":15,"column":2},"end":{"line":15,"column":13}},"9":{"start":{"line":18,"column":31},"end":{"line":20,"column":1}},"10":{"start":{"line":19,"column":2},"end":{"line":19,"column":28}}},"fnMap":{"0":{"name":"(anonymous_0)","decl":{"start":{"line":7,"column":28},"end":{"line":7,"column":29}},"loc":{"start":{"line":7,"column":40},"end":{"line":16,"column":1}},"line":7},"1":{"name":"(anonymous_1)","decl":{"start":{"line":18,"column":31},"end":{"line":18,"column":32}},"loc":{"start":{"line":18,"column":43},"end":{"line":20,"column":1}},"line":18}},"branchMap":{"0":{"loc":{"start":{"line":8,"column":2},"end":{"line":13,"column":3}},"type":"if","locations":[{"start":{"line":8,"column":2},"end":{"line":13,"column":3}},{"start":{},"end":{}}],"line":8}},"s":{"0":2,"1":2,"2":2,"3":2,"4":2,"5":2,"6":2,"7":2,"8":2,"9":2,"10":1},"f":{"0":2,"1":1},"b":{"0":[2,0]},"_coverageSchema":"1a1c01bbd47fc00a2c39e90264f33305004495a9","hash":"d95e559699df30560ac5d6b77046d47fa11c91ce"}
,"C:\\Users\\brand\\Documents\\STEVENS SCHOOL STUFF\\Semester8\\SSW590\\borgir\\server\\configs\\mongo\\settings.js": {"path":"C:\\Users\\brand\\Documents\\STEVENS SCHOOL STUFF\\Semester8\\SSW590\\borgir\\server\\configs\\mongo\\settings.js","statementMap":{"0":{"start":{"line":2,"column":0},"end":{"line":2,"column":16}},"1":{"start":{"line":4,"column":18},"end":{"line":4,"column":71}},"2":{"start":{"line":6,"column":27},"end":{"line":9,"column":1}}},"fnMap":{},"branchMap":{"0":{"loc":{"start":{"line":4,"column":18},"end":{"line":4,"column":71}},"type":"binary-expr","locations":[{"start":{"line":4,"column":18},"end":{"line":4,"column":39}},{"start":{"line":4,"column":43},"end":{"line":4,"column":71}}],"line":4}},"s":{"0":2,"1":2,"2":2},"f":{},"b":{"0":[2,0]},"_coverageSchema":"1a1c01bbd47fc00a2c39e90264f33305004495a9","hash":"9e88413d2db6d00f56b962d128039551ec671f75"}
,"C:\\Users\\brand\\Documents\\STEVENS SCHOOL STUFF\\Semester8\\SSW590\\borgir\\server\\data\\burger.js": {"path":"C:\\Users\\brand\\Documents\\STEVENS SCHOOL STUFF\\Semester8\\SSW590\\borgir\\server\\data\\burger.js","statementMap":{"0":{"start":{"line":5,"column":24},"end":{"line":40,"column":1}},"1":{"start":{"line":13,"column":4},"end":{"line":14,"column":71}},"2":{"start":{"line":14,"column":6},"end":{"line":14,"column":71}},"3":{"start":{"line":16,"column":29},"end":{"line":16,"column":44}},"4":{"start":{"line":19,"column":25},"end":{"line":22,"column":6}},"5":{"start":{"line":24,"column":4},"end":{"line":26,"column":5}},"6":{"start":{"line":25,"column":6},"end":{"line":25,"column":32}},"7":{"start":{"line":29,"column":22},"end":{"line":33,"column":5}},"8":{"start":{"line":35,"column":23},"end":{"line":35,"column":66}},"9":{"start":{"line":36,"column":4},"end":{"line":36,"column":88}},"10":{"start":{"line":36,"column":34},"end":{"line":36,"column":88}},"11":{"start":{"line":38,"column":4},"end":{"line":38,"column":33}}},"fnMap":{"0":{"name":"(anonymous_0)","decl":{"start":{"line":12,"column":2},"end":{"line":12,"column":3}},"loc":{"start":{"line":12,"column":54},"end":{"line":39,"column":3}},"line":12}},"branchMap":{"0":{"loc":{"start":{"line":13,"column":4},"end":{"line":14,"column":71}},"type":"if","locations":[{"start":{"line":13,"column":4},"end":{"line":14,"column":71}},{"start":{},"end":{}}],"line":13},"1":{"loc":{"start":{"line":13,"column":8},"end":{"line":13,"column":52}},"type":"binary-expr","locations":[{"start":{"line":13,"column":8},"end":{"line":13,"column":26}},{"start":{"line":13,"column":30},"end":{"line":13,"column":52}}],"line":13},"2":{"loc":{"start":{"line":24,"column":4},"end":{"line":26,"column":5}},"type":"if","locations":[{"start":{"line":24,"column":4},"end":{"line":26,"column":5}},{"start":{},"end":{}}],"line":24},"3":{"loc":{"start":{"line":36,"column":4},"end":{"line":36,"column":88}},"type":"if","locations":[{"start":{"line":36,"column":4},"end":{"line":36,"column":88}},{"start":{},"end":{}}],"line":36}},"s":{"0":1,"1":1,"2":0,"3":1,"4":1,"5":0,"6":0,"7":0,"8":0,"9":0,"10":0,"11":0},"f":{"0":1},"b":{"0":[0,1],"1":[1,1],"2":[0,0],"3":[0,0]},"_coverageSchema":"1a1c01bbd47fc00a2c39e90264f33305004495a9","hash":"73d11548b7b1f393cc9f4798c14e64b90cadfec1"}
}
