TN:
SF:configs\mongo\mongoCollections.js
FN:3,(anonymous_0)
FN:6,(anonymous_1)
FNF:2
FNH:2
FNDA:3,(anonymous_0)
FNDA:2,(anonymous_1)
DA:3,1
DA:4,3
DA:6,3
DA:7,2
DA:8,1
DA:9,1
DA:12,2
DA:16,1
DA:17,1
DA:18,1
LF:10
LH:10
BRDA:7,0,0,1
BRDA:7,0,1,1
BRF:2
BRH:2
end_of_record
TN:
SF:configs\mongo\mongoConnections.js
FN:7,(anonymous_0)
FN:18,(anonymous_1)
FNF:2
FNH:2
FNDA:2,(anonymous_0)
FNDA:1,(anonymous_1)
DA:4,2
DA:5,2
DA:7,2
DA:8,2
DA:9,2
DA:10,2
DA:11,2
DA:12,2
DA:15,2
DA:18,2
DA:19,1
LF:11
LH:11
BRDA:8,0,0,2
BRDA:8,0,1,0
BRF:2
BRH:1
end_of_record
TN:
SF:configs\mongo\settings.js
FNF:0
FNH:0
DA:2,2
DA:4,2
DA:6,2
LF:3
LH:3
BRDA:4,0,0,2
BRDA:4,0,1,0
BRF:2
BRH:1
end_of_record
TN:
SF:data\burger.js
FN:12,(anonymous_0)
FNF:1
FNH:1
FNDA:1,(anonymous_0)
DA:5,1
DA:13,1
DA:14,0
DA:16,1
DA:19,1
DA:24,0
DA:25,0
DA:29,0
DA:35,0
DA:36,0
DA:38,0
LF:11
LH:4
BRDA:13,0,0,0
BRDA:13,0,1,1
BRDA:13,1,0,1
BRDA:13,1,1,1
BRDA:24,2,0,0
BRDA:24,2,1,0
BRDA:36,3,0,0
BRDA:36,3,1,0
BRF:8
BRH:3
end_of_record
